Loading required package: dynamicTreeCut
Loading required package: fastcluster

Attaching package: ‘fastcluster’

The following object is masked from ‘package:stats’:

    hclust



Attaching package: ‘WGCNA’

The following object is masked from ‘package:stats’:

    cor

── Attaching core tidyverse packages ──────────────────────── tidyverse 2.0.0 ──
✔ dplyr     1.1.4     ✔ readr     2.1.5
✔ forcats   1.0.0     ✔ stringr   1.5.1
✔ ggplot2   3.5.1     ✔ tibble    3.2.1
✔ lubridate 1.9.3     ✔ tidyr     1.3.1
✔ purrr     1.0.2     
── Conflicts ────────────────────────────────────────── tidyverse_conflicts() ──
✖ dplyr::filter() masks stats::filter()
✖ dplyr::lag()    masks stats::lag()
ℹ Use the conflicted package (<http://conflicted.r-lib.org/>) to force all conflicts to become errors
Loading required package: S4Vectors
Loading required package: stats4
Loading required package: BiocGenerics

Attaching package: ‘BiocGenerics’

The following objects are masked from ‘package:lubridate’:

    intersect, setdiff, union

The following objects are masked from ‘package:dplyr’:

    combine, intersect, setdiff, union

The following objects are masked from ‘package:stats’:

    IQR, mad, sd, var, xtabs

The following objects are masked from ‘package:base’:

    anyDuplicated, aperm, append, as.data.frame, basename, cbind,
    colnames, dirname, do.call, duplicated, eval, evalq, Filter, Find,
    get, grep, grepl, intersect, is.unsorted, lapply, Map, mapply,
    match, mget, order, paste, pmax, pmax.int, pmin, pmin.int,
    Position, rank, rbind, Reduce, rownames, sapply, setdiff, sort,
    table, tapply, union, unique, unsplit, which.max, which.min


Attaching package: ‘S4Vectors’

The following objects are masked from ‘package:lubridate’:

    second, second<-

The following objects are masked from ‘package:dplyr’:

    first, rename

The following object is masked from ‘package:tidyr’:

    expand

The following object is masked from ‘package:utils’:

    findMatches

The following objects are masked from ‘package:base’:

    expand.grid, I, unname

Loading required package: IRanges

Attaching package: ‘IRanges’

The following object is masked from ‘package:lubridate’:

    %within%

The following objects are masked from ‘package:dplyr’:

    collapse, desc, slice

The following object is masked from ‘package:purrr’:

    reduce

Loading required package: GenomicRanges
Loading required package: GenomeInfoDb
Loading required package: SummarizedExperiment
Loading required package: MatrixGenerics
Loading required package: matrixStats

Attaching package: ‘matrixStats’

The following object is masked from ‘package:dplyr’:

    count


Attaching package: ‘MatrixGenerics’

The following objects are masked from ‘package:matrixStats’:

    colAlls, colAnyNAs, colAnys, colAvgsPerRowSet, colCollapse,
    colCounts, colCummaxs, colCummins, colCumprods, colCumsums,
    colDiffs, colIQRDiffs, colIQRs, colLogSumExps, colMadDiffs,
    colMads, colMaxs, colMeans2, colMedians, colMins, colOrderStats,
    colProds, colQuantiles, colRanges, colRanks, colSdDiffs, colSds,
    colSums2, colTabulates, colVarDiffs, colVars, colWeightedMads,
    colWeightedMeans, colWeightedMedians, colWeightedSds,
    colWeightedVars, rowAlls, rowAnyNAs, rowAnys, rowAvgsPerColSet,
    rowCollapse, rowCounts, rowCummaxs, rowCummins, rowCumprods,
    rowCumsums, rowDiffs, rowIQRDiffs, rowIQRs, rowLogSumExps,
    rowMadDiffs, rowMads, rowMaxs, rowMeans2, rowMedians, rowMins,
    rowOrderStats, rowProds, rowQuantiles, rowRanges, rowRanks,
    rowSdDiffs, rowSds, rowSums2, rowTabulates, rowVarDiffs, rowVars,
    rowWeightedMads, rowWeightedMeans, rowWeightedMedians,
    rowWeightedSds, rowWeightedVars

Loading required package: Biobase
Welcome to Bioconductor

    Vignettes contain introductory material; view with
    'browseVignettes()'. To cite Bioconductor, see
    'citation("Biobase")', and for packages 'citation("pkgname")'.


Attaching package: ‘Biobase’

The following object is masked from ‘package:MatrixGenerics’:

    rowMedians

The following objects are masked from ‘package:matrixStats’:

    anyMissing, rowMedians

                     70   71   72   73   74
ENSG00000000419.12  840 1008 1243 1068 1269
ENSG00000000457.13  329  341  266  262  294
ENSG00000000938.12 9426 8695 5225 6188 5082
ENSG00000001036.13  359  378  251  306  223
ENSG00000001461.16 1152 1309  633 1074  872
converting counts to integer mode
Warning message:
In DESeqDataSet(se, design = design, ignoreRank) :
  some variables in design formula are characters, converting to factors
class: DESeqDataSet 
dim: 6650 666 
metadata(1): version
assays(1): counts
rownames(6650): ENSG00000000419.12 ENSG00000000457.13 ...
  ENSG00000278311.4 ENSG00000278828.1
rowData names(0):
colnames(666): 70 71 ... 1496 1497
colData names(7): specimen_id subject_id ... biological_sex
  date_of_boost
-- note: fitType='parametric', but the dispersion trend was not well captured by the
   function: y = a/x + b, and a local regression fit was automatically substituted.
   specify fitType='local' or 'mean' to avoid this message next time.
[1] 6650  666
class: DESeqDataSet 
dim: 5000 666 
metadata(1): version
assays(1): counts
rownames(5000): ENSG00000254415.3 ENSG00000237541.3 ...
  ENSG00000092203.13 ENSG00000145494.11
rowData names(0):
colnames(666): 70 71 ... 1496 1497
colData names(8): specimen_id subject_id ... date_of_boost sizeFactor
-- note: fitType='parametric', but the dispersion trend was not well captured by the
   function: y = a/x + b, and a local regression fit was automatically substituted.
   specify fitType='local' or 'mean' to avoid this message next time.
[1] 5000  666
using ntop=500 top features by variance
using ntop=500 top features by variance
using ntop=500 top features by variance
using ntop=500 top features by variance
using ntop=500 top features by variance
    ENSG00000254415.3 ENSG00000237541.3 ENSG00000239839.6 ENSG00000232629.8
468          9.444942         0.8437216         -1.025368          7.107793
470         10.123959         1.8895052          2.554594          6.670193
475         -2.186260         9.4551734         10.247549          7.004363
477         -2.026730         9.2976103         10.302727          8.090732
483          8.118061         4.1966473         -2.694993         -3.889139
    ENSG00000158578.18
468           2.019737
470           6.325529
475          10.954663
477          10.227233
483           6.366333
[1]  114 5000
clust
 0  1  2  3 
27 57 20 10 
  [1] 0 2 0 2 1 2 1 2 0 0 2 2 2 1 3 2 1 1 2 2 1 1 1 0 0 0 0 0 2 0 0 0 1 1 1 1 2
 [38] 0 2 1 3 1 2 3 3 2 1 2 0 2 1 3 2 2 1 1 1 0 0 0 1 1 1 1 0 2 1 1 1 1 1 1 1 1
 [75] 3 3 1 1 1 1 1 1 1 1 1 1 0 0 1 1 1 0 0 0 3 3 1 1 1 0 1 1 1 1 1 1 1 0 0 3 1
[112] 0 1 1

 1  2 
33 24 

2020 2021 
  28   29 
pickSoftThreshold: will use block size 5000.
 pickSoftThreshold: calculating connectivity for given powers...
   ..working on genes 1 through 5000 of 5000
   Power SFT.R.sq  slope truncated.R.sq  mean.k. median.k.  max.k.
1      1  0.00605  0.203          0.936 1.03e+03  1.01e+03 1700.00
2      2  0.36100 -0.965          0.951 3.31e+02  3.00e+02  808.00
3      3  0.69800 -1.530          0.958 1.33e+02  1.09e+02  461.00
4      4  0.77800 -1.800          0.948 6.16e+01  4.48e+01  290.00
5      5  0.76900 -2.010          0.931 3.17e+01  2.01e+01  195.00
6      6  0.77500 -2.120          0.941 1.76e+01  9.86e+00  137.00
7      7  0.79100 -2.150          0.942 1.04e+01  5.05e+00  100.00
8      8  0.80400 -2.130          0.939 6.45e+00  2.70e+00   75.50
9      9  0.35900 -3.100          0.360 4.17e+00  1.50e+00   58.00
10    10  0.84100 -2.000          0.958 2.80e+00  8.60e-01   45.30
11    11  0.85700 -1.940          0.966 1.93e+00  5.08e-01   36.00
12    12  0.86800 -1.890          0.969 1.37e+00  3.09e-01   29.00
13    13  0.89500 -1.800          0.973 9.97e-01  1.91e-01   23.60
14    14  0.90500 -1.750          0.969 7.39e-01  1.19e-01   19.40
15    15  0.88400 -1.690          0.902 5.59e-01  7.55e-02   16.10
16    16  0.95400 -1.590          0.969 4.29e-01  4.87e-02   13.40
17    17  0.96700 -1.560          0.980 3.35e-01  3.16e-02   11.90
18    18  0.97500 -1.550          0.989 2.64e-01  2.10e-02   10.70
19    19  0.97900 -1.540          0.994 2.12e-01  1.38e-02    9.61
20    20  0.97600 -1.520          0.990 1.71e-01  9.12e-03    8.67
21    22  0.98700 -1.490          0.996 1.16e-01  4.15e-03    7.14
22    24  0.98300 -1.450          0.988 8.10e-02  1.95e-03    5.93
23    26  0.98500 -1.410          0.989 5.83e-02  9.19e-04    4.97
24    28  0.99000 -1.380          0.992 4.31e-02  4.47e-04    4.19
25    30  0.99100 -1.340          0.991 3.26e-02  2.20e-04    3.56
Warning message:
executing %dopar% sequentially: no parallel backend registered 
[1] 11
..connectivity..
..matrix multiplication (system BLAS)..
..normalization..
..done.
[1] 5000 5000
 ..cutHeight not given, setting it to 0.995  ===>  99% of the (truncated) height range in dendro.
 ..done.
dynamicMods
  1   2   3   4   5   6   7   8   9  10  11  12  13  14  15  16  17  18  19  20 
542 517 349 336 284 283 278 225 178 161 142 137 119 116 114 112 112 110 106  95 
 21  22  23  24  25  26  27  28  29  30  31 
 83  82  79  78  66  59  51  49  49  48  40 
[1] 31
dynamicColors
        black          blue         brown          cyan     darkgreen 
          278           517           349           116            82 
     darkgrey    darkorange       darkred darkturquoise         green 
           78            59            83            79           284 
  greenyellow        grey60     lightcyan    lightgreen   lightyellow 
          142           112           112           110           106 
      magenta  midnightblue        orange paleturquoise          pink 
          178           114            66            40           225 
       purple           red     royalblue   saddlebrown        salmon 
          161           283            95            49           119 
      skyblue     steelblue           tan     turquoise         white 
           49            48           137           542            51 
       yellow 
          336 
 mergeCloseModules: Merging modules whose distance is less than 0.6
   multiSetMEs: Calculating module MEs.
     Working on set 1 ...
     moduleEigengenes: Calculating 31 module eigengenes in given set.
   multiSetMEs: Calculating module MEs.
     Working on set 1 ...
     moduleEigengenes: Calculating 13 module eigengenes in given set.
   multiSetMEs: Calculating module MEs.
     Working on set 1 ...
     moduleEigengenes: Calculating 10 module eigengenes in given set.
   Calculating new MEs...
   multiSetMEs: Calculating module MEs.
     Working on set 1 ...
     moduleEigengenes: Calculating 10 module eigengenes in given set.
 [1] "grey60"        "white"         "lightyellow"   "blue"         
 [5] "salmon"        "darkgrey"      "royalblue"     "darkred"      
 [9] "darkturquoise" "darkorange"   
 mergeCloseModules: Merging modules whose distance is less than 0.4
   multiSetMEs: Calculating module MEs.
     Working on set 1 ...
     moduleEigengenes: Calculating 31 module eigengenes in given set.
   multiSetMEs: Calculating module MEs.
     Working on set 1 ...
     moduleEigengenes: Calculating 17 module eigengenes in given set.
   multiSetMEs: Calculating module MEs.
     Working on set 1 ...
     moduleEigengenes: Calculating 14 module eigengenes in given set.
   Calculating new MEs...
   multiSetMEs: Calculating module MEs.
     Working on set 1 ...
     moduleEigengenes: Calculating 14 module eigengenes in given set.
 [1] "grey60"        "greenyellow"   "black"         "paleturquoise"
 [5] "blue"          "salmon"        "skyblue"       "royalblue"    
 [9] "darkgrey"      "darkred"       "darkturquoise" "lightyellow"  
[13] "darkorange"    "darkgreen"    
 mergeCloseModules: Merging modules whose distance is less than 0.3
   multiSetMEs: Calculating module MEs.
     Working on set 1 ...
     moduleEigengenes: Calculating 31 module eigengenes in given set.
   multiSetMEs: Calculating module MEs.
     Working on set 1 ...
     moduleEigengenes: Calculating 19 module eigengenes in given set.
   multiSetMEs: Calculating module MEs.
     Working on set 1 ...
     moduleEigengenes: Calculating 18 module eigengenes in given set.
   Calculating new MEs...
   multiSetMEs: Calculating module MEs.
     Working on set 1 ...
     moduleEigengenes: Calculating 18 module eigengenes in given set.
 [1] "yellow"        "magenta"       "black"         "paleturquoise"
 [5] "blue"          "salmon"        "skyblue"       "cyan"         
 [9] "royalblue"     "darkgrey"      "darkred"       "grey60"       
[13] "darkturquoise" "lightyellow"   "darkorange"    "greenyellow"  
[17] "saddlebrown"   "darkgreen"    
[1] 57 18
$MEblue
[1] 517

$MEdarkorange
[1] 59

$MEsalmon
[1] 119

$MEdarkturquoise
[1] 79

$MEdarkgreen
[1] 82

$MEgreenyellow
[1] 142

$MEpaleturquoise
[1] 40

$MEsaddlebrown
[1] 49

$MEcyan
[1] 116

$MEmagenta
[1] 178

$MEroyalblue
[1] 95

$MEdarkgrey
[1] 78

$MEskyblue
[1] 49

$MEblack
[1] 278

$MElightyellow
[1] 106

$MEdarkred
[1] 83

$MEgrey60
[1] 112

$MEyellow
[1] 336

        MEblack    MEblue MEdarkgreen  MEdarkgrey MEdarkorange
483 -0.06576069 0.1525086 -0.12196599 -0.22990495   0.02376657
490  0.07556503 0.1298464 -0.28758259 -0.25707805  -0.19255314
515 -0.17014521 0.1471286 -0.05217042  0.08072349  -0.01490295
529 -0.18400464 0.2167774 -0.29587099 -0.03066054   0.15953801
531 -0.02690804 0.1456884 -0.35307433  0.10118780   0.01936300
       MEblue  MEdarkgrey MEdarkorange   MEdarkred MEdarkturquoise
483 0.1525086 -0.11801382   0.02376657 -0.03480328     -0.21557554
490 0.1298464 -0.12302072  -0.19255314  0.03505672      0.01136379
515 0.1471286  0.06777217  -0.01490295 -0.07703984     -0.20971031
529 0.2167774  0.04348233   0.15953801 -0.08351176     -0.10632475
531 0.1456884  0.06955138   0.01936300 -0.12361427      0.09122285
   ENSG00000254415.3 ENSG00000237541.3 ENSG00000239839.6 ENSG00000232629.8
70          9.420206          7.846542         7.1831570          6.849311
71          9.270647          7.863477         4.4992029          6.855094
72          9.424704          7.947093         6.9333632          6.734812
73          8.776074          7.844550        -0.4061061          6.341835
74          8.401791          7.623907         7.2606564          6.837436
   ENSG00000158578.18
70           5.862999
71           4.902195
72           7.207955
73           1.916599
74           6.277622
[1]  666 5000
       MEblue  MEdarkgrey MEdarkorange   MEdarkred MEdarkturquoise
483 0.1525086 -0.11801382   0.02376657 -0.03480328     -0.21557554
490 0.1298464 -0.12302072  -0.19255314  0.03505672      0.01136379
515 0.1471286  0.06777217  -0.01490295 -0.07703984     -0.20971031
529 0.2167774  0.04348233   0.15953801 -0.08351176     -0.10632475
531 0.1456884  0.06955138   0.01936300 -0.12361427      0.09122285
NULL
