
Attaching package: ‘MOFA2’

The following object is masked from ‘package:stats’:

    predict

── Attaching core tidyverse packages ──────────────────────── tidyverse 2.0.0 ──
✔ dplyr     1.1.4     ✔ readr     2.1.5
✔ forcats   1.0.0     ✔ stringr   1.5.1
✔ lubridate 1.9.3     ✔ tibble    3.2.1
✔ purrr     1.0.2     ✔ tidyr     1.3.1
── Conflicts ────────────────────────────────────────── tidyverse_conflicts() ──
✖ dplyr::between()     masks data.table::between()
✖ dplyr::filter()      masks stats::filter()
✖ dplyr::first()       masks data.table::first()
✖ lubridate::hour()    masks data.table::hour()
✖ lubridate::isoweek() masks data.table::isoweek()
✖ dplyr::lag()         masks stats::lag()
✖ dplyr::last()        masks data.table::last()
✖ lubridate::mday()    masks data.table::mday()
✖ lubridate::minute()  masks data.table::minute()
✖ lubridate::month()   masks data.table::month()
✖ lubridate::quarter() masks data.table::quarter()
✖ lubridate::second()  masks data.table::second()
✖ purrr::transpose()   masks data.table::transpose()
✖ lubridate::wday()    masks data.table::wday()
✖ lubridate::week()    masks data.table::week()
✖ lubridate::yday()    masks data.table::yday()
✖ lubridate::year()    masks data.table::year()
ℹ Use the conflicted package (<http://conflicted.r-lib.org/>) to force all conflicts to become errors

Attaching package: ‘reshape2’

The following object is masked from ‘package:tidyr’:

    smiths

The following objects are masked from ‘package:data.table’:

    dcast, melt

Loading required package: Biobase
Loading required package: BiocGenerics

Attaching package: ‘BiocGenerics’

The following objects are masked from ‘package:lubridate’:

    intersect, setdiff, union

The following objects are masked from ‘package:dplyr’:

    combine, intersect, setdiff, union

The following objects are masked from ‘package:stats’:

    IQR, mad, sd, var, xtabs

The following objects are masked from ‘package:base’:

    anyDuplicated, aperm, append, as.data.frame, basename, cbind,
    colnames, dirname, do.call, duplicated, eval, evalq, Filter, Find,
    get, grep, grepl, intersect, is.unsorted, lapply, Map, mapply,
    match, mget, order, paste, pmax, pmax.int, pmin, pmin.int,
    Position, rank, rbind, Reduce, rownames, sapply, setdiff, sort,
    table, tapply, union, unique, unsplit, which.max, which.min

Welcome to Bioconductor

    Vignettes contain introductory material; view with
    'browseVignettes()'. To cite Bioconductor, see
    'citation("Biobase")', and for packages 'citation("pkgname")'.

Loading required package: S4Vectors
Loading required package: stats4

Attaching package: ‘S4Vectors’

The following objects are masked from ‘package:lubridate’:

    second, second<-

The following objects are masked from ‘package:dplyr’:

    first, rename

The following object is masked from ‘package:tidyr’:

    expand

The following objects are masked from ‘package:data.table’:

    first, second

The following object is masked from ‘package:utils’:

    findMatches

The following objects are masked from ‘package:base’:

    expand.grid, I, unname

Loading required package: IRanges

Attaching package: ‘IRanges’

The following object is masked from ‘package:lubridate’:

    %within%

The following objects are masked from ‘package:dplyr’:

    collapse, desc, slice

The following object is masked from ‘package:purrr’:

    reduce

The following object is masked from ‘package:data.table’:

    shift

Loading required package: GenomicRanges
Loading required package: GenomeInfoDb
Loading required package: SummarizedExperiment
Loading required package: MatrixGenerics
Loading required package: matrixStats

Attaching package: ‘matrixStats’

The following objects are masked from ‘package:Biobase’:

    anyMissing, rowMedians

The following object is masked from ‘package:dplyr’:

    count


Attaching package: ‘MatrixGenerics’

The following objects are masked from ‘package:matrixStats’:

    colAlls, colAnyNAs, colAnys, colAvgsPerRowSet, colCollapse,
    colCounts, colCummaxs, colCummins, colCumprods, colCumsums,
    colDiffs, colIQRDiffs, colIQRs, colLogSumExps, colMadDiffs,
    colMads, colMaxs, colMeans2, colMedians, colMins, colOrderStats,
    colProds, colQuantiles, colRanges, colRanks, colSdDiffs, colSds,
    colSums2, colTabulates, colVarDiffs, colVars, colWeightedMads,
    colWeightedMeans, colWeightedMedians, colWeightedSds,
    colWeightedVars, rowAlls, rowAnyNAs, rowAnys, rowAvgsPerColSet,
    rowCollapse, rowCounts, rowCummaxs, rowCummins, rowCumprods,
    rowCumsums, rowDiffs, rowIQRDiffs, rowIQRs, rowLogSumExps,
    rowMadDiffs, rowMads, rowMaxs, rowMeans2, rowMedians, rowMins,
    rowOrderStats, rowProds, rowQuantiles, rowRanges, rowRanks,
    rowSdDiffs, rowSds, rowSums2, rowTabulates, rowVarDiffs, rowVars,
    rowWeightedMads, rowWeightedMeans, rowWeightedMedians,
    rowWeightedSds, rowWeightedVars

The following object is masked from ‘package:Biobase’:

    rowMedians

Loading required package: Matrix

Attaching package: ‘Matrix’

The following object is masked from ‘package:S4Vectors’:

    expand

The following objects are masked from ‘package:tidyr’:

    expand, pack, unpack

Loaded glmnet 4.1-8
Warning messages:
1: Option grouped=FALSE enforced in cv.glmnet, since < 3 observations per fold 
2: In cor.test.default(preds$rnk, preds$actual, method = "spearman") :
  Cannot compute exact p-value with ties
        (Intercept) Day0.Freq.Monocytes 
          0.3132239           0.9224628 

	Spearman's rank correlation rho

data:  preds$rnk and preds$actual
S = 2389.3, p-value = 0.009551
alternative hypothesis: true rho is not equal to 0
sample estimates:
       rho 
-0.5515112 

Warning messages:
1: Option grouped=FALSE enforced in cv.glmnet, since < 3 observations per fold 
2: In cor.test.default(preds$rnk, preds$actual, method = "spearman") :
  Cannot compute exact p-value with ties

	Spearman's rank correlation rho

data:  preds$rnk and preds$actual
S = 543.1, p-value = 0.5072
alternative hypothesis: true rho is not equal to 0
sample estimates:
       rho 
-0.1936195 

 Day0.Factor7 Day0.Factor11  Day0.Factor6  Day0.Factor4   (Intercept) 
  -0.19447024    0.01629623    0.20146095    0.26595244    1.40114438 
Warning messages:
1: Option grouped=FALSE enforced in cv.glmnet, since < 3 observations per fold 
2: In cor.test.default(preds$rnk, preds$actual, method = "spearman") :
  Cannot compute exact p-value with ties

	Spearman's rank correlation rho

data:  preds$rnk and preds$actual
S = 737.31, p-value = 0.01791
alternative hypothesis: true rho is not equal to 0
sample estimates:
       rho 
-0.6204624 

       Day0.Factor7       Day0.Factor14       Day0.Factor10        Day0.Factor3 
       -0.100142572        -0.005499041         0.018186336         0.027720590 
       Day0.Factor6       Day0.Factor11        Day0.Factor4         (Intercept) 
        0.031062200         0.047666424         0.126092995         0.632927114 
Day0.Freq.Monocytes 
        0.646451094 
 Day0.Factor4  Day0.Factor6  Day0.Factor7 Day0.Factor11 
   0.26595244    0.20146095   -0.19447024    0.01629623 
Warning messages:
1: Option grouped=FALSE enforced in cv.glmnet, since < 3 observations per fold 
2: In cor.test.default(preds$rnk, preds$actual, method = "spearman") :
  Cannot compute exact p-value with ties
3: Option grouped=FALSE enforced in cv.glmnet, since < 3 observations per fold 
4: In cor.test.default(preds$rnk, preds$actual, method = "spearman") :
  Cannot compute exact p-value with ties
5: Option grouped=FALSE enforced in cv.glmnet, since < 3 observations per fold 
6: In cor.test.default(preds$rnk, preds$actual, method = "spearman") :
  Cannot compute exact p-value with ties
7: Option grouped=FALSE enforced in cv.glmnet, since < 3 observations per fold 
8: In cor.test.default(preds$rnk, preds$actual, method = "spearman") :
  Cannot compute exact p-value with ties
[1] 0.6204624
Warning messages:
1: Option grouped=FALSE enforced in cv.glmnet, since < 3 observations per fold 
2: In cor.test.default(preds$rnk, preds$actual, method = "spearman") :
  Cannot compute exact p-value with ties
3: Option grouped=FALSE enforced in cv.glmnet, since < 3 observations per fold 
4: In cor.test.default(preds$rnk, preds$actual, method = "spearman") :
  Cannot compute exact p-value with ties
5: Option grouped=FALSE enforced in cv.glmnet, since < 3 observations per fold 
6: In cor.test.default(preds$rnk, preds$actual, method = "spearman") :
  Cannot compute exact p-value with ties
7: Option grouped=FALSE enforced in cv.glmnet, since < 3 observations per fold 
8: In cor.test.default(preds$rnk, preds$actual, method = "spearman") :
  Cannot compute exact p-value with ties
9: Option grouped=FALSE enforced in cv.glmnet, since < 3 observations per fold 
10: In cor.test.default(preds$rnk, preds$actual, method = "spearman") :
  Cannot compute exact p-value with ties
[1] -0.6028607 -0.6028607 -0.6204624 -0.6028607
