Loading required package: dynamicTreeCut
Loading required package: fastcluster

Attaching package: ‘fastcluster’

The following object is masked from ‘package:stats’:

    hclust



Attaching package: ‘WGCNA’

The following object is masked from ‘package:stats’:

    cor

── Attaching core tidyverse packages ──────────────────────── tidyverse 2.0.0 ──
✔ dplyr     1.1.4     ✔ readr     2.1.5
✔ forcats   1.0.0     ✔ stringr   1.5.1
✔ ggplot2   3.5.1     ✔ tibble    3.2.1
✔ lubridate 1.9.3     ✔ tidyr     1.3.1
✔ purrr     1.0.2     
── Conflicts ────────────────────────────────────────── tidyverse_conflicts() ──
✖ dplyr::filter() masks stats::filter()
✖ dplyr::lag()    masks stats::lag()
ℹ Use the conflicted package (<http://conflicted.r-lib.org/>) to force all conflicts to become errors
Loading required package: S4Vectors
Loading required package: stats4
Loading required package: BiocGenerics

Attaching package: ‘BiocGenerics’

The following objects are masked from ‘package:lubridate’:

    intersect, setdiff, union

The following objects are masked from ‘package:dplyr’:

    combine, intersect, setdiff, union

The following objects are masked from ‘package:stats’:

    IQR, mad, sd, var, xtabs

The following objects are masked from ‘package:base’:

    anyDuplicated, aperm, append, as.data.frame, basename, cbind,
    colnames, dirname, do.call, duplicated, eval, evalq, Filter, Find,
    get, grep, grepl, intersect, is.unsorted, lapply, Map, mapply,
    match, mget, order, paste, pmax, pmax.int, pmin, pmin.int,
    Position, rank, rbind, Reduce, rownames, sapply, setdiff, sort,
    table, tapply, union, unique, unsplit, which.max, which.min


Attaching package: ‘S4Vectors’

The following objects are masked from ‘package:lubridate’:

    second, second<-

The following objects are masked from ‘package:dplyr’:

    first, rename

The following object is masked from ‘package:tidyr’:

    expand

The following object is masked from ‘package:utils’:

    findMatches

The following objects are masked from ‘package:base’:

    expand.grid, I, unname

Loading required package: IRanges

Attaching package: ‘IRanges’

The following object is masked from ‘package:lubridate’:

    %within%

The following objects are masked from ‘package:dplyr’:

    collapse, desc, slice

The following object is masked from ‘package:purrr’:

    reduce

Loading required package: GenomicRanges
Loading required package: GenomeInfoDb
Loading required package: SummarizedExperiment
Loading required package: MatrixGenerics
Loading required package: matrixStats

Attaching package: ‘matrixStats’

The following object is masked from ‘package:dplyr’:

    count


Attaching package: ‘MatrixGenerics’

The following objects are masked from ‘package:matrixStats’:

    colAlls, colAnyNAs, colAnys, colAvgsPerRowSet, colCollapse,
    colCounts, colCummaxs, colCummins, colCumprods, colCumsums,
    colDiffs, colIQRDiffs, colIQRs, colLogSumExps, colMadDiffs,
    colMads, colMaxs, colMeans2, colMedians, colMins, colOrderStats,
    colProds, colQuantiles, colRanges, colRanks, colSdDiffs, colSds,
    colSums2, colTabulates, colVarDiffs, colVars, colWeightedMads,
    colWeightedMeans, colWeightedMedians, colWeightedSds,
    colWeightedVars, rowAlls, rowAnyNAs, rowAnys, rowAvgsPerColSet,
    rowCollapse, rowCounts, rowCummaxs, rowCummins, rowCumprods,
    rowCumsums, rowDiffs, rowIQRDiffs, rowIQRs, rowLogSumExps,
    rowMadDiffs, rowMads, rowMaxs, rowMeans2, rowMedians, rowMins,
    rowOrderStats, rowProds, rowQuantiles, rowRanges, rowRanks,
    rowSdDiffs, rowSds, rowSums2, rowTabulates, rowVarDiffs, rowVars,
    rowWeightedMads, rowWeightedMeans, rowWeightedMedians,
    rowWeightedSds, rowWeightedVars

Loading required package: Biobase
Welcome to Bioconductor

    Vignettes contain introductory material; view with
    'browseVignettes()'. To cite Bioconductor, see
    'citation("Biobase")', and for packages 'citation("pkgname")'.


Attaching package: ‘Biobase’

The following object is masked from ‘package:MatrixGenerics’:

    rowMedians

The following objects are masked from ‘package:matrixStats’:

    anyMissing, rowMedians

                     70   71   72   73   74
ENSG00000000419.12  840 1008 1243 1068 1269
ENSG00000000457.13  329  341  266  262  294
ENSG00000000938.12 9426 8695 5225 6188 5082
ENSG00000001036.13  359  378  251  306  223
ENSG00000001461.16 1152 1309  633 1074  872
converting counts to integer mode
Warning message:
In DESeqDataSet(se, design = design, ignoreRank) :
  some variables in design formula are characters, converting to factors
class: DESeqDataSet 
dim: 6650 666 
metadata(1): version
assays(1): counts
rownames(6650): ENSG00000000419.12 ENSG00000000457.13 ...
  ENSG00000278311.4 ENSG00000278828.1
rowData names(0):
colnames(666): 70 71 ... 1496 1497
colData names(7): specimen_id subject_id ... biological_sex
  date_of_boost
-- note: fitType='parametric', but the dispersion trend was not well captured by the
   function: y = a/x + b, and a local regression fit was automatically substituted.
   specify fitType='local' or 'mean' to avoid this message next time.
[1] 6650  666
class: DESeqDataSet 
dim: 5000 666 
metadata(1): version
assays(1): counts
rownames(5000): ENSG00000254415.3 ENSG00000237541.3 ...
  ENSG00000092203.13 ENSG00000145494.11
rowData names(0):
colnames(666): 70 71 ... 1496 1497
colData names(8): specimen_id subject_id ... date_of_boost sizeFactor
-- note: fitType='parametric', but the dispersion trend was not well captured by the
   function: y = a/x + b, and a local regression fit was automatically substituted.
   specify fitType='local' or 'mean' to avoid this message next time.
[1] 5000  666
using ntop=500 top features by variance
using ntop=500 top features by variance
using ntop=500 top features by variance
using ntop=500 top features by variance
using ntop=500 top features by variance
    ENSG00000254415.3 ENSG00000237541.3 ENSG00000239839.6 ENSG00000232629.8
70           9.420206          7.846542         7.1831570          6.849311
71           9.270647          7.863477         4.4992029          6.855094
102         -1.306513          7.586866         2.4753010          7.609530
103          9.846778         -4.450809         5.9528354         -3.515986
138          7.514256          7.471001        -0.4321567          6.990954
    ENSG00000158578.18
70            5.862999
71            4.902195
102           2.973949
103           1.572558
138           4.565438
[1]  144 5000
clust
 0  1  2  3  4 
39 67 17 11 10 
  [1] 4 4 1 0 0 4 3 0 1 1 1 1 1 1 1 1 1 1 1 4 1 4 1 4 1 4 1 1 1 1 1 1 1 1 1 4 3
 [38] 1 4 4 1 1 1 0 1 1 1 0 1 1 3 1 3 3 3 0 1 0 1 0 1 1 3 3 1 1 3 0 0 0 3 3 0 0
 [75] 0 2 1 2 0 2 0 0 2 2 2 2 1 2 1 1 2 0 1 0 1 0 1 0 0 2 2 0 0 0 1 0 1 0 2 0 2
[112] 2 0 0 2 0 0 0 0 0 0 0 1 1 2 1 1 1 1 2 1 1 1 1 1 1 0 0 1 1 1 1 1 1

 1  2 
29 38 

2020 2021 
  40   27 
pickSoftThreshold: will use block size 5000.
 pickSoftThreshold: calculating connectivity for given powers...
   ..working on genes 1 through 5000 of 5000
   Power SFT.R.sq  slope truncated.R.sq  mean.k. median.k.  max.k.
1      1   0.2060  1.690          0.939 1.08e+03  1.07e+03 1630.00
2      2   0.0143 -0.234          0.964 3.55e+02  3.44e+02  743.00
3      3   0.2900 -0.960          0.987 1.44e+02  1.35e+02  393.00
4      4   0.5470 -1.380          0.995 6.72e+01  6.03e+01  227.00
5      5   0.6880 -1.590          0.998 3.44e+01  2.90e+01  140.00
6      6   0.7730 -1.750          0.998 1.89e+01  1.49e+01   89.70
7      7   0.8240 -1.810          0.998 1.10e+01  8.15e+00   59.70
8      8   0.8440 -1.890          0.994 6.72e+00  4.69e+00   41.50
9      9   0.8540 -1.940          0.991 4.27e+00  2.76e+00   29.70
10    10   0.8810 -1.920          0.989 2.80e+00  1.69e+00   22.00
11    11   0.8500 -2.220          0.964 1.89e+00  1.05e+00   19.20
12    12   0.3890 -3.400          0.390 1.31e+00  6.71e-01   17.00
13    13   0.4080 -3.340          0.405 9.34e-01  4.33e-01   15.20
14    14   0.4220 -3.250          0.412 6.77e-01  2.85e-01   13.60
15    15   0.9370 -2.250          0.966 5.01e-01  1.91e-01   12.30
16    16   0.9330 -2.210          0.946 3.77e-01  1.30e-01   11.10
17    17   0.9310 -2.130          0.928 2.88e-01  8.91e-02   10.10
18    18   0.9450 -2.050          0.941 2.23e-01  6.16e-02    9.23
19    19   0.9530 -1.980          0.948 1.75e-01  4.27e-02    8.44
20    20   0.4080 -2.550          0.280 1.40e-01  3.00e-02    7.73
21    22   0.4150 -2.420          0.286 9.15e-02  1.53e-02    6.53
22    24   0.9590 -1.740          0.950 6.24e-02  7.79e-03    5.55
23    26   0.9610 -1.690          0.955 4.41e-02  4.08e-03    4.74
24    28   0.9710 -1.620          0.971 3.21e-02  2.21e-03    4.07
25    30   0.9570 -1.570          0.948 2.39e-02  1.19e-03    3.51
Warning message:
executing %dopar% sequentially: no parallel backend registered 
[1] 9
..connectivity..
..matrix multiplication (system BLAS)..
..normalization..
..done.
[1] 5000 5000
 ..cutHeight not given, setting it to 0.991  ===>  99% of the (truncated) height range in dendro.
 ..done.
dynamicMods
  1   2   3   4   5   6   7   8   9  10  11  12  13  14  15  16  17  18  19  20 
343 332 311 234 200 187 184 168 165 159 158 133 122 120 116 102  98  97  94  90 
 21  22  23  24  25  26  27  28  29  30  31  32  33  34  35  36  37  38  39  40 
 84  84  83  83  81  76  75  75  73  73  71  69  68  62  62  61  57  56  55  54 
 41  42  43  44 
 54  51  46  34 
[1] 44
dynamicColors
          black            blue           brown            cyan       darkgreen 
            184             332             311             120              84 
       darkgrey     darkmagenta  darkolivegreen      darkorange         darkred 
             83              62              68              76              84 
  darkturquoise     floralwhite           green     greenyellow          grey60 
             83              34             200             158              98 
          ivory       lightcyan      lightcyan1      lightgreen lightsteelblue1 
             46             102              51              97              54 
    lightyellow         magenta   mediumpurple3    midnightblue          orange 
             94             165              54             116              81 
     orangered4   paleturquoise            pink           plum1          purple 
             55              71             168              56             159 
            red       royalblue     saddlebrown          salmon         sienna3 
            187              90              73             122              62 
        skyblue        skyblue3       steelblue             tan       turquoise 
             75              57              73             133             343 
         violet           white          yellow     yellowgreen 
             69              75             234              61 
 mergeCloseModules: Merging modules whose distance is less than 0.6
   multiSetMEs: Calculating module MEs.
     Working on set 1 ...
     moduleEigengenes: Calculating 44 module eigengenes in given set.
   multiSetMEs: Calculating module MEs.
     Working on set 1 ...
     moduleEigengenes: Calculating 15 module eigengenes in given set.
   multiSetMEs: Calculating module MEs.
     Working on set 1 ...
     moduleEigengenes: Calculating 11 module eigengenes in given set.
   Calculating new MEs...
   multiSetMEs: Calculating module MEs.
     Working on set 1 ...
     moduleEigengenes: Calculating 11 module eigengenes in given set.
 [1] "ivory"         "midnightblue"  "brown"         "darkmagenta"  
 [5] "magenta"       "floralwhite"   "sienna3"       "mediumpurple3"
 [9] "violet"        "black"         "lightcyan"    
 mergeCloseModules: Merging modules whose distance is less than 0.4
   multiSetMEs: Calculating module MEs.
     Working on set 1 ...
     moduleEigengenes: Calculating 44 module eigengenes in given set.
   multiSetMEs: Calculating module MEs.
     Working on set 1 ...
     moduleEigengenes: Calculating 25 module eigengenes in given set.
   multiSetMEs: Calculating module MEs.
     Working on set 1 ...
     moduleEigengenes: Calculating 21 module eigengenes in given set.
   Calculating new MEs...
   multiSetMEs: Calculating module MEs.
     Working on set 1 ...
     moduleEigengenes: Calculating 21 module eigengenes in given set.
 [1] "lightgreen"      "midnightblue"    "brown"           "grey60"         
 [5] "magenta"         "saddlebrown"     "darkgreen"       "darkorange"     
 [9] "turquoise"       "green"           "mediumpurple3"   "violet"         
[13] "darkgrey"        "black"           "lightsteelblue1" "darkmagenta"    
[17] "sienna3"         "darkred"         "lightcyan"       "ivory"          
[21] "floralwhite"    
 mergeCloseModules: Merging modules whose distance is less than 0.3
   multiSetMEs: Calculating module MEs.
     Working on set 1 ...
     moduleEigengenes: Calculating 44 module eigengenes in given set.
   multiSetMEs: Calculating module MEs.
     Working on set 1 ...
     moduleEigengenes: Calculating 33 module eigengenes in given set.
   multiSetMEs: Calculating module MEs.
     Working on set 1 ...
     moduleEigengenes: Calculating 31 module eigengenes in given set.
   Calculating new MEs...
   multiSetMEs: Calculating module MEs.
     Working on set 1 ...
     moduleEigengenes: Calculating 31 module eigengenes in given set.
 [1] "lightgreen"      "midnightblue"    "cyan"            "grey60"         
 [5] "magenta"         "brown"           "saddlebrown"     "darkgreen"      
 [9] "darkolivegreen"  "yellow"          "green"           "mediumpurple3"  
[13] "blue"            "violet"          "darkgrey"        "tan"            
[17] "orangered4"      "black"           "steelblue"       "darkmagenta"    
[21] "sienna3"         "darkred"         "royalblue"       "lightcyan"      
[25] "greenyellow"     "lightcyan1"      "yellowgreen"     "ivory"          
[29] "skyblue"         "floralwhite"     "lightsteelblue1"
[1] 67 31
$MEmidnightblue
[1] 116

$MEorangered4
[1] 55

$MElightsteelblue1
[1] 54

$MEsteelblue
[1] 73

$MEfloralwhite
[1] 34

$MEblue
[1] 332

$MEdarkgrey
[1] 83

$MEviolet
[1] 69

$MElightgreen
[1] 97

$MEyellow
[1] 234

$MEsienna3
[1] 62

$MEyellowgreen
[1] 61

$MEmediumpurple3
[1] 54

$MEblack
[1] 184

$MElightcyan1
[1] 51

$MEskyblue
[1] 75

$MEgreen
[1] 200

$MEsaddlebrown
[1] 73

$MEivory
[1] 46

$MElightcyan
[1] 102

$MEroyalblue
[1] 90

$MEmagenta
[1] 165

$MEgreenyellow
[1] 158

$MEdarkolivegreen
[1] 68

$MEtan
[1] 133

$MEdarkmagenta
[1] 62

$MEgrey60
[1] 98

$MEbrown
[1] 311

$MEcyan
[1] 120

$MEdarkgreen
[1] 84

$MEdarkred
[1] 84

       MEblack      MEbrown MEdarkgreen  MEdarkgrey MEdarkmagenta
102 0.12263045 -0.271031304 -0.18361819  0.08549267    0.04937740
223 0.02233269  0.009240764 -0.08279593  0.11123547    0.10903547
224 0.05015494  0.224492286  0.01818588 -0.10450415    0.03475790
77  0.05654640  0.164378679  0.28422480 -0.11285848   -0.01808389
78  0.02548986  0.151268140  0.15133057 -0.10259813   -0.07464640
       MEblack      MEbrown MEdarkmagenta MEfloralwhite      MEivory
102 0.12263045 -0.278060977    0.04659747    0.06125060 -0.004222445
223 0.02233269 -0.006178141   -0.01755192   -0.10863217 -0.004930616
224 0.05015494  0.212118853    0.18525502   -0.14530526 -0.048762888
77  0.05654640  0.171769164    0.08267232    0.06573961 -0.060540971
78  0.02548986  0.141200501    0.07312769    0.09852919 -0.048573937
   ENSG00000254415.3 ENSG00000237541.3 ENSG00000239839.6 ENSG00000232629.8
70          9.420206          7.846542         7.1831570          6.849311
71          9.270647          7.863477         4.4992029          6.855094
72          9.424704          7.947093         6.9333632          6.734812
73          8.776074          7.844550        -0.4061061          6.341835
74          8.401791          7.623907         7.2606564          6.837436
   ENSG00000158578.18
70           5.862999
71           4.902195
72           7.207955
73           1.916599
74           6.277622
[1]  666 5000
       MEblack      MEbrown MEdarkmagenta MEfloralwhite      MEivory
102 0.12263045 -0.278060977    0.04659747    0.06125060 -0.004222445
223 0.02233269 -0.006178141   -0.01755192   -0.10863217 -0.004930616
224 0.05015494  0.212118853    0.18525502   -0.14530526 -0.048762888
77  0.05654640  0.171769164    0.08267232    0.06573961 -0.060540971
78  0.02548986  0.141200501    0.07312769    0.09852919 -0.048573937
[1] -0.003086959
